<?xml version="1.0" encoding="UTF-8"?>
<testng-results ignored="0" total="1" passed="1" failed="0" skipped="0">
  <reporter-output>
    <line>
      <![CDATA[package1,script-01]]>
    </line>
  </reporter-output>
  <suite started-at="2024-04-03T11:11:35 BST" name="Default suite" finished-at="2024-04-03T11:11:42 BST" duration-ms="7690">
    <groups>
    </groups>
    <test started-at="2024-04-03T11:11:35 BST" name="Default test" finished-at="2024-04-03T11:11:42 BST" duration-ms="7690">
      <class name="Package_01.Launch_02_Test">
        <test-method signature="launch()[pri:0, instance:Package_01.Launch_02_Test@4e7912d8]" started-at="2024-04-03T11:11:35 BST" name="launch" finished-at="2024-04-03T11:11:42 BST" duration-ms="7623" status="PASS">
          <reporter-output>
            <line>
              <![CDATA[package1,script-01]]>
            </line>
          </reporter-output>
        </test-method> <!-- launch -->
      </class> <!-- Package_01.Launch_02_Test -->
    </test> <!-- Default test -->
  </suite> <!-- Default suite -->
</testng-results>
